<?xml version="1.0" encoding="UTF-8"?>
<!-- Generated by org.testng.reporters.JUnitReportReporter -->
<testsuite hostname="DESKTOP-CSNQIQB" failures="0" tests="1" name="mavenpgms.SearchPgm" time="2.802" errors="0" timestamp="2023-05-20T08:14:15 IST" skipped="0">
  <testcase classname="mavenpgms.SearchPgm" name="Search" time="2.802"/>
  <system-out/>
</testsuite> <!-- mavenpgms.SearchPgm -->
